<?xml version="1.0" encoding="UTF-8"?>
<!-- Generated by org.testng.reporters.JUnitXMLReporter -->
<testsuite ignored="0" hostname="DESKTOP-F8KFG8V" failures="0" tests="5" name="Test" time="0.083" errors="0" timestamp="2021-05-06T09:57:56 IST">
  <testcase classname="SeleniumLearning.MavenJava.SeleniumTest" name="DesktopWeb" time="0.007"/>
  <testcase classname="SeleniumLearning.MavenJava.SeleniumTest" name="MobileWeb" time="0.001"/>
  <testcase classname="SeleniumLearning.MavenJava.AppiumTest" name="IOSApp" time="0.0"/>
  <testcase classname="SeleniumLearning.MavenJava.RestAPITest" name="GetCall" time="0.001"/>
  <testcase classname="SeleniumLearning.MavenJava.RestAPITest" name="PostCall" time="0.0"/>
</testsuite> <!-- Test -->
