<?xml version="1.0" encoding="UTF-8"?>
<testng-results ignored="0" total="5" passed="5" failed="0" skipped="0">
  <reporter-output>
  </reporter-output>
  <suite started-at="2021-05-06T09:57:56 IST" name="Suite" finished-at="2021-05-06T09:57:56 IST" duration-ms="83">
    <groups>
    </groups>
    <test started-at="2021-05-06T09:57:56 IST" name="Test" finished-at="2021-05-06T09:57:56 IST" duration-ms="83">
      <class name="SeleniumLearning.MavenJava.SeleniumTest">
        <test-method signature="DesktopWeb()[pri:0, instance:SeleniumLearning.MavenJava.SeleniumTest@3d299e3]" started-at="2021-05-06T09:57:56 IST" name="DesktopWeb" finished-at="2021-05-06T09:57:56 IST" duration-ms="7" status="PASS">
          <reporter-output>
          </reporter-output>
        </test-method> <!-- DesktopWeb -->
        <test-method signature="MobileWeb()[pri:0, instance:SeleniumLearning.MavenJava.SeleniumTest@3d299e3]" started-at="2021-05-06T09:57:56 IST" name="MobileWeb" finished-at="2021-05-06T09:57:56 IST" duration-ms="1" status="PASS">
          <reporter-output>
          </reporter-output>
        </test-method> <!-- MobileWeb -->
      </class> <!-- SeleniumLearning.MavenJava.SeleniumTest -->
      <class name="SeleniumLearning.MavenJava.RestAPITest">
        <test-method signature="GetCall()[pri:0, instance:SeleniumLearning.MavenJava.RestAPITest@37e547da]" started-at="2021-05-06T09:57:56 IST" name="GetCall" finished-at="2021-05-06T09:57:56 IST" duration-ms="1" status="PASS">
          <reporter-output>
          </reporter-output>
        </test-method> <!-- GetCall -->
        <test-method signature="PostCall()[pri:0, instance:SeleniumLearning.MavenJava.RestAPITest@37e547da]" started-at="2021-05-06T09:57:56 IST" name="PostCall" finished-at="2021-05-06T09:57:56 IST" duration-ms="0" status="PASS">
          <reporter-output>
          </reporter-output>
        </test-method> <!-- PostCall -->
      </class> <!-- SeleniumLearning.MavenJava.RestAPITest -->
      <class name="SeleniumLearning.MavenJava.AppiumTest">
        <test-method signature="IOSApp()[pri:0, instance:SeleniumLearning.MavenJava.AppiumTest@3e3047e6]" started-at="2021-05-06T09:57:56 IST" name="IOSApp" finished-at="2021-05-06T09:57:56 IST" duration-ms="0" status="PASS">
          <reporter-output>
          </reporter-output>
        </test-method> <!-- IOSApp -->
      </class> <!-- SeleniumLearning.MavenJava.AppiumTest -->
    </test> <!-- Test -->
  </suite> <!-- Suite -->
</testng-results>
